<?xml version="1.0" encoding="UTF-8"?>
<testsuite xmlns:xsi="http://www.w3.org/2001/XMLSchema-instance" xsi:noNamespaceSchemaLocation="https://maven.apache.org/surefire/maven-surefire-plugin/xsd/surefire-test-report.xsd" name="Library.LLPL.GettingStartTest" time="0.004" tests="1" errors="0" skipped="0" failures="1">
  <properties>
    <property name="gopherProxySet" value="false"/>
    <property name="awt.toolkit" value="sun.lwawt.macosx.LWCToolkit"/>
    <property name="socksProxyHost" value="127.0.0.1"/>
    <property name="http.proxyHost" value="127.0.0.1"/>
    <property name="java.specification.version" value="1.8"/>
    <property name="file.encoding.pkg" value="sun.io"/>
    <property name="sun.cpu.isalist" value=""/>
    <property name="sun.jnu.encoding" value="UTF-8"/>
    <property name="java.class.path" value="/Users/curryzjj/hair-loss/TSP_PM/PMManager/target/test-classes:/Users/curryzjj/hair-loss/TSP_PM/PMManager/target/classes:/Users/curryzjj/.m2/repository/org/curry/Common/1.0-SNAPSHOT/Common-1.0-SNAPSHOT.jar:/Users/curryzjj/.m2/repository/commons-lang/commons-lang/2.6/commons-lang-2.6.jar:/Users/curryzjj/.m2/repository/org/apache/commons/commons-lang3/3.4/commons-lang3-3.4.jar:/Users/curryzjj/.m2/repository/com/intel/pmem/llpl/1.2.0-release/llpl-1.2.0-release.jar:/Users/curryzjj/.m2/repository/org/slf4j/slf4j-api/1.7.7/slf4j-api-1.7.7.jar:/Users/curryzjj/.m2/repository/org/slf4j/slf4j-log4j12/1.7.7/slf4j-log4j12-1.7.7.jar:/Users/curryzjj/.m2/repository/log4j/log4j/1.2.17/log4j-1.2.17.jar:"/>
    <property name="https.proxyPort" value="1087"/>
    <property name="java.vm.vendor" value="Oracle Corporation"/>
    <property name="sun.arch.data.model" value="64"/>
    <property name="java.vendor.url" value="http://java.oracle.com/"/>
    <property name="user.timezone" value=""/>
    <property name="java.vm.specification.version" value="1.8"/>
    <property name="os.name" value="Mac OS X"/>
    <property name="user.country" value="CN"/>
    <property name="sun.java.launcher" value="SUN_STANDARD"/>
    <property name="sun.boot.library.path" value="/Library/Java/JavaVirtualMachines/jdk1.8.0_231.jdk/Contents/Home/jre/lib"/>
    <property name="sun.java.command" value="/Users/curryzjj/hair-loss/TSP_PM/PMManager/target/surefire/surefirebooter7801940238407024126.jar /Users/curryzjj/hair-loss/TSP_PM/PMManager/target/surefire 2021-09-24T15-01-33_950-jvmRun1 surefire3857795836201908821tmp surefire_04613305405782881443tmp"/>
    <property name="http.nonProxyHosts" value="127.0.0.1|localhost|*.localhost"/>
    <property name="surefire.test.class.path" value="/Users/curryzjj/hair-loss/TSP_PM/PMManager/target/test-classes:/Users/curryzjj/hair-loss/TSP_PM/PMManager/target/classes:/Users/curryzjj/.m2/repository/org/curry/Common/1.0-SNAPSHOT/Common-1.0-SNAPSHOT.jar:/Users/curryzjj/.m2/repository/commons-lang/commons-lang/2.6/commons-lang-2.6.jar:/Users/curryzjj/.m2/repository/org/apache/commons/commons-lang3/3.4/commons-lang3-3.4.jar:/Users/curryzjj/.m2/repository/com/intel/pmem/llpl/1.2.0-release/llpl-1.2.0-release.jar:/Users/curryzjj/.m2/repository/org/slf4j/slf4j-api/1.7.7/slf4j-api-1.7.7.jar:/Users/curryzjj/.m2/repository/org/slf4j/slf4j-log4j12/1.7.7/slf4j-log4j12-1.7.7.jar:/Users/curryzjj/.m2/repository/log4j/log4j/1.2.17/log4j-1.2.17.jar:"/>
    <property name="sun.cpu.endian" value="little"/>
    <property name="user.home" value="/Users/curryzjj"/>
    <property name="user.language" value="zh"/>
    <property name="java.specification.vendor" value="Oracle Corporation"/>
    <property name="java.home" value="/Library/Java/JavaVirtualMachines/jdk1.8.0_231.jdk/Contents/Home/jre"/>
    <property name="basedir" value="/Users/curryzjj/hair-loss/TSP_PM/PMManager"/>
    <property name="https.proxyHost" value="127.0.0.1"/>
    <property name="file.separator" value="/"/>
    <property name="line.separator" value="&#10;"/>
    <property name="java.vm.specification.vendor" value="Oracle Corporation"/>
    <property name="java.specification.name" value="Java Platform API Specification"/>
    <property name="java.awt.graphicsenv" value="sun.awt.CGraphicsEnvironment"/>
    <property name="surefire.real.class.path" value="/Users/curryzjj/hair-loss/TSP_PM/PMManager/target/surefire/surefirebooter7801940238407024126.jar"/>
    <property name="sun.boot.class.path" value="/Library/Java/JavaVirtualMachines/jdk1.8.0_231.jdk/Contents/Home/jre/lib/resources.jar:/Library/Java/JavaVirtualMachines/jdk1.8.0_231.jdk/Contents/Home/jre/lib/rt.jar:/Library/Java/JavaVirtualMachines/jdk1.8.0_231.jdk/Contents/Home/jre/lib/sunrsasign.jar:/Library/Java/JavaVirtualMachines/jdk1.8.0_231.jdk/Contents/Home/jre/lib/jsse.jar:/Library/Java/JavaVirtualMachines/jdk1.8.0_231.jdk/Contents/Home/jre/lib/jce.jar:/Library/Java/JavaVirtualMachines/jdk1.8.0_231.jdk/Contents/Home/jre/lib/charsets.jar:/Library/Java/JavaVirtualMachines/jdk1.8.0_231.jdk/Contents/Home/jre/lib/jfr.jar:/Library/Java/JavaVirtualMachines/jdk1.8.0_231.jdk/Contents/Home/jre/classes"/>
    <property name="sun.management.compiler" value="HotSpot 64-Bit Tiered Compilers"/>
    <property name="ftp.nonProxyHosts" value="127.0.0.1|localhost|*.localhost"/>
    <property name="java.runtime.version" value="1.8.0_231-b11"/>
    <property name="user.name" value="curryzjj"/>
    <property name="path.separator" value=":"/>
    <property name="os.version" value="10.16"/>
    <property name="java.endorsed.dirs" value="/Library/Java/JavaVirtualMachines/jdk1.8.0_231.jdk/Contents/Home/jre/lib/endorsed"/>
    <property name="java.runtime.name" value="Java(TM) SE Runtime Environment"/>
    <property name="file.encoding" value="UTF-8"/>
    <property name="java.vm.name" value="Java HotSpot(TM) 64-Bit Server VM"/>
    <property name="localRepository" value="/Users/curryzjj/.m2/repository"/>
    <property name="java.vendor.url.bug" value="http://bugreport.sun.com/bugreport/"/>
    <property name="java.io.tmpdir" value="/var/folders/vl/5vfc8hd56ql5jbk5lbzvssd00000gn/T/"/>
    <property name="java.version" value="1.8.0_231"/>
    <property name="user.dir" value="/Users/curryzjj/hair-loss/TSP_PM/PMManager"/>
    <property name="os.arch" value="x86_64"/>
    <property name="socksProxyPort" value="1086"/>
    <property name="java.vm.specification.name" value="Java Virtual Machine Specification"/>
    <property name="java.awt.printerjob" value="sun.lwawt.macosx.CPrinterJob"/>
    <property name="sun.os.patch.level" value="unknown"/>
    <property name="java.library.path" value="/Users/curryzjj/Library/Java/Extensions:/Library/Java/Extensions:/Network/Library/Java/Extensions:/System/Library/Java/Extensions:/usr/lib/java:."/>
    <property name="java.vm.info" value="mixed mode"/>
    <property name="java.vendor" value="Oracle Corporation"/>
    <property name="java.vm.version" value="25.231-b11"/>
    <property name="java.ext.dirs" value="/Users/curryzjj/Library/Java/Extensions:/Library/Java/JavaVirtualMachines/jdk1.8.0_231.jdk/Contents/Home/jre/lib/ext:/Library/Java/Extensions:/Network/Library/Java/Extensions:/System/Library/Java/Extensions:/usr/lib/java"/>
    <property name="sun.io.unicode.encoding" value="UnicodeBig"/>
    <property name="java.class.version" value="52.0"/>
    <property name="socksNonProxyHosts" value="127.0.0.1|localhost|*.localhost"/>
    <property name="http.proxyPort" value="1087"/>
  </properties>
  <testcase name="Library.LLPL.GettingStartTest.test1" classname="Library.LLPL.GettingStartTest" time="0.001">
    <failure type="java.lang.ExceptionInInitializerError"><![CDATA[java.lang.ExceptionInInitializerError
	at Library.LLPL.GettingStarted.createHeap(GettingStarted.java:22)
	at Library.LLPL.GettingStartTest.test1(GettingStartTest.java:16)
Caused by: java.lang.UnsupportedOperationException: Operating System is not supported
	at com.intel.pmem.llpl.Util.getOSName(Util.java:54)
	at com.intel.pmem.llpl.Util.getLibName(Util.java:44)
	at com.intel.pmem.llpl.Util.loadLibrary(Util.java:80)
	at com.intel.pmem.llpl.AnyHeap.<clinit>(AnyHeap.java:76)
	... 15 more
]]></failure>
    <system-out><![CDATA[2021-09-24 15:01:39 INFO  GettingStartTest:15 - Test Start:Path=/mnt/persist-memory/pmem0/jjzhaoname=/default
]]></system-out>
  </testcase>
</testsuite>